11/09/2023 11:49:21 AM INFO Создание начального окна для ввода пароля!
11/09/2023 11:49:56 AM INFO Создание начального окна!
11/09/2023 11:50:11 AM INFO Алфавит был успешно составлен!
11/09/2023 11:50:11 AM INFO Пароль начал генерацию!
11/09/2023 11:50:11 AM INFO Пароль закончил генерацию!
11/09/2023 11:50:11 AM INFO Пароль был успешно хеширован!
11/09/2023 11:50:12 AM INFO Пароль начал генерацию!
11/09/2023 11:50:12 AM INFO Пароль закончил генерацию!
11/09/2023 11:50:12 AM INFO Пароль был успешно хеширован!
11/09/2023 11:50:13 AM INFO Пароль начал генерацию!
11/09/2023 11:50:13 AM INFO Пароль закончил генерацию!
11/09/2023 11:50:13 AM INFO Пароль был успешно хеширован!
11/09/2023 11:50:13 AM INFO Пароль начал генерацию!
11/09/2023 11:50:13 AM INFO Пароль закончил генерацию!
11/09/2023 11:50:13 AM INFO Пароль был успешно хеширован!
11/09/2023 11:50:16 AM INFO Пароль начал генерацию!
11/09/2023 11:50:16 AM INFO Пароль закончил генерацию!
11/09/2023 11:50:16 AM INFO Пароль был успешно хеширован!
11/09/2023 11:50:17 AM INFO Пароль начал генерацию!
11/09/2023 11:50:17 AM INFO Пароль закончил генерацию!
11/09/2023 11:50:17 AM INFO Пароль был успешно хеширован!
11/09/2023 11:50:18 AM INFO Пароль начал генерацию!
11/09/2023 11:50:18 AM INFO Пароль закончил генерацию!
11/09/2023 11:50:18 AM INFO Пароль был успешно хеширован!
11/09/2023 11:50:19 AM INFO Пароль начал генерацию!
11/09/2023 11:50:19 AM INFO Пароль закончил генерацию!
11/09/2023 11:50:19 AM INFO Пароль был успешно хеширован!
11/09/2023 11:50:24 AM INFO Алфавит был успешно составлен!
11/09/2023 11:50:24 AM INFO Пароль начал генерацию!
11/09/2023 11:50:24 AM INFO Пароль закончил генерацию!
11/09/2023 11:50:24 AM INFO Пароль был успешно хеширован!
11/09/2023 11:50:25 AM INFO Пароль начал генерацию!
11/09/2023 11:50:25 AM INFO Пароль закончил генерацию!
11/09/2023 11:50:25 AM INFO Пароль был успешно хеширован!
11/09/2023 11:50:26 AM INFO Пароль начал генерацию!
11/09/2023 11:50:26 AM INFO Пароль закончил генерацию!
11/09/2023 11:50:26 AM INFO Пароль был успешно хеширован!
11/09/2023 11:50:27 AM INFO Пароль начал генерацию!
11/09/2023 11:50:27 AM INFO Пароль закончил генерацию!
11/09/2023 11:50:27 AM INFO Пароль был успешно хеширован!
11/09/2023 11:50:28 AM INFO Пароль начал генерацию!
11/09/2023 11:50:28 AM INFO Пароль закончил генерацию!
11/09/2023 11:50:28 AM INFO Пароль был успешно хеширован!
11/09/2023 11:50:28 AM INFO Пароль начал генерацию!
11/09/2023 11:50:28 AM INFO Пароль закончил генерацию!
11/09/2023 11:50:28 AM INFO Пароль был успешно хеширован!
11/09/2023 11:50:35 AM INFO Алфавит был успешно составлен!
11/09/2023 11:50:35 AM INFO Пароль начал генерацию!
11/09/2023 11:50:35 AM INFO Пароль закончил генерацию!
11/09/2023 11:50:35 AM INFO Пароль был успешно хеширован!
11/09/2023 11:50:36 AM INFO Пароль начал генерацию!
11/09/2023 11:50:36 AM INFO Пароль закончил генерацию!
11/09/2023 11:50:36 AM INFO Пароль был успешно хеширован!
11/09/2023 11:50:37 AM INFO Пароль начал генерацию!
11/09/2023 11:50:37 AM INFO Пароль закончил генерацию!
11/09/2023 11:50:37 AM INFO Пароль был успешно хеширован!
11/09/2023 11:50:37 AM INFO Пароль начал генерацию!
11/09/2023 11:50:37 AM INFO Пароль закончил генерацию!
11/09/2023 11:50:37 AM INFO Пароль был успешно хеширован!
11/09/2023 11:50:38 AM INFO Пароль начал генерацию!
11/09/2023 11:50:38 AM INFO Пароль закончил генерацию!
11/09/2023 11:50:38 AM INFO Пароль был успешно хеширован!
11/09/2023 11:50:39 AM INFO Пароль начал генерацию!
11/09/2023 11:50:39 AM INFO Пароль закончил генерацию!
11/09/2023 11:50:39 AM INFO Пароль был успешно хеширован!
11/09/2023 11:57:53 AM INFO Пароль начал генерацию!
11/09/2023 11:57:53 AM INFO Пароль закончил генерацию!
11/09/2023 11:57:53 AM INFO Пароль был успешно хеширован!
11/09/2023 11:57:53 AM INFO Пароль начал генерацию!
11/09/2023 11:57:53 AM INFO Пароль закончил генерацию!
11/09/2023 11:57:53 AM INFO Пароль был успешно хеширован!
11/09/2023 11:57:53 AM INFO Пароль начал генерацию!
11/09/2023 11:57:53 AM INFO Пароль закончил генерацию!
11/09/2023 11:57:53 AM INFO Пароль был успешно хеширован!
11/09/2023 11:57:53 AM INFO Пароль начал генерацию!
11/09/2023 11:57:53 AM INFO Пароль закончил генерацию!
11/09/2023 11:57:53 AM INFO Пароль был успешно хеширован!
